WARN  [FIRCLSHostIsRosettaTranslated:119] sysctlbyname failed while trying to get sysctl.proc_translated for Rosetta 2 translation
WARN  [FIRCLSMachExceptionRegister:311] original 0x0 0x104e 0x0 0x0
WARN  [FIRCLSHostIsRosettaTranslated:119] sysctlbyname failed while trying to get sysctl.proc_translated for Rosetta 2 translation
WARN  [FIRCLSBinaryImageStoreNode:484] Error: Unable to track a loaded node 0x285611000
WARN  [FIRCLSBinaryImageStoreNode:484] Error: Unable to track a loaded node 0x242a7d000
WARN  [FIRCLSBinaryImageStoreNode:484] Error: Unable to track a loaded node 0x24a3d9000
WARN  [FIRCLSBinaryImageStoreNode:484] Error: Unable to track a loaded node 0x2829fa000
WARN  [FIRCLSBinaryImageStoreNode:484] Error: Unable to track a loaded node 0x1ea669000
WARN  [FIRCLSBinaryImageStoreNode:484] Error: Unable to track a loaded node 0x28323c000
WARN  [FIRCLSBinaryImageStoreNode:484] Error: Unable to track a loaded node 0x23980b000
WARN  [FIRCLSBinaryImageStoreNode:484] Error: Unable to track a loaded node 0x25dbc7000
WARN  [FIRCLSBinaryImageStoreNode:484] Error: Unable to track a loaded node 0x1c6856000
WARN  [FIRCLSBinaryImageStoreNode:484] Error: Unable to track a loaded node 0x1d0575000
WARN  [FIRCLSBinaryImageStoreNode:484] Error: Unable to track a loaded node 0x1b7a1b000
WARN  [FIRCLSBinaryImageStoreNode:484] Error: Unable to track a loaded node 0x1c6a35000
WARN  [FIRCLSBinaryImageStoreNode:484] Error: Unable to track a loaded node 0x1c6a50000
WARN  [FIRCLSBinaryImageStoreNode:484] Error: Unable to track a loaded node 0x1aac78000
WARN  [FIRCLSBinaryImageStoreNode:484] Error: Unable to track a loaded node 0x1e669b000
WARN  [FIRCLSBinaryImageStoreNode:484] Error: Unable to track a loaded node 0x1e7b61000
WARN  [FIRCLSBinaryImageStoreNode:484] Error: Unable to track a loaded node 0x24d006000
WARN  [FIRCLSBinaryImageStoreNode:484] Error: Unable to track a loaded node 0x290a7c000
WARN  [FIRCLSBinaryImageStoreNode:484] Error: Unable to track a loaded node 0x2747cc000
WARN  [FIRCLSBinaryImageStoreNode:484] Error: Unable to track a loaded node 0x2391c3000
WARN  [FIRCLSBinaryImageStoreNode:484] Error: Unable to track a loaded node 0x1c4ac3000
WARN  [FIRCLSBinaryImageStoreNode:484] Error: Unable to track a loaded node 0x290e7c000
WARN  [FIRCLSBinaryImageStoreNode:484] Error: Unable to track a loaded node 0x274a34000
WARN  [FIRCLSBinaryImageStoreNode:484] Error: Unable to track a loaded node 0x1c6828000
WARN  [FIRCLSBinaryImageStoreNode:484] Error: Unable to track a loaded node 0x1bf2e7000
WARN  [FIRCLSBinaryImageStoreNode:484] Error: Unable to track a loaded node 0x1c632a000
WARN  [FIRCLSBinaryImageStoreNode:484] Error: Unable to track a loaded node 0x248aaa000
WARN  [FIRCLSBinaryImageStoreNode:484] Error: Unable to track a loaded node 0x1e6107000
WARN  [FIRCLSBinaryImageStoreNode:484] Error: Unable to track a loaded node 0x1e48af000
WARN  [FIRCLSBinaryImageStoreNode:484] Error: Unable to track a loaded node 0x29727a000
WARN  [FIRCLSBinaryImageStoreNode:484] Error: Unable to track a loaded node 0x294b4c000
WARN  [FIRCLSBinaryImageStoreNode:484] Error: Unable to track a loaded node 0x276270000
WARN  [FIRCLSBinaryImageStoreNode:484] Error: Unable to track a loaded node 0x1f1f48000
WARN  [FIRCLSBinaryImageStoreNode:484] Error: Unable to track a loaded node 0x238218000
WARN  [FIRCLSBinaryImageStoreNode:484] Error: Unable to track a loaded node 0x1d2c88000
WARN  [FIRCLSBinaryImageStoreNode:484] Error: Unable to track a loaded node 0x27ef95000
WARN  [FIRCLSBinaryImageStoreNode:484] Error: Unable to track a loaded node 0x292088000
WARN  [FIRCLSBinaryImageStoreNode:484] Error: Unable to track a loaded node 0x2684c4000
WARN  [FIRCLSBinaryImageStoreNode:484] Error: Unable to track a loaded node 0x2684a2000
WARN  [FIRCLSBinaryImageStoreNode:484] Error: Unable to track a loaded node 0x268610000
WARN  [FIRCLSBinaryImageStoreNode:484] Error: Unable to track a loaded node 0x24d359000
WARN  [FIRCLSBinaryImageStoreNode:484] Error: Unable to track a loaded node 0x26861c000
WARN  [FIRCLSBinaryImageStoreNode:484] Error: Unable to track a loaded node 0x1cef4e000
WARN  [FIRCLSBinaryImageStoreNode:484] Error: Unable to track a loaded node 0x2390fe000
WARN  [FIRCLSBinaryImageStoreNode:484] Error: Unable to track a loaded node 0x252e94000
WARN  [FIRCLSBinaryImageStoreNode:484] Error: Unable to track a loaded node 0x265b90000
WARN  [FIRCLSBinaryImageStoreNode:484] Error: Unable to track a loaded node 0x1e5485000
WARN  [FIRCLSBinaryImageStoreNode:484] Error: Unable to track a loaded node 0x240675000
WARN  [FIRCLSBinaryImageStoreNode:484] Error: Unable to track a loaded node 0x2dce5a000
WARN  [FIRCLSBinaryImageStoreNode:484] Error: Unable to track a loaded node 0x2dce87000
WARN  [FIRCLSBinaryImageStoreNode:484] Error: Unable to track a loaded node 0x296004000
WARN  [FIRCLSBinaryImageStoreNode:484] Error: Unable to track a loaded node 0x19a52f000
WARN  [FIRCLSBinaryImageStoreNode:484] Error: Unable to track a loaded node 0x19a5d4000
WARN  [FIRCLSBinaryImageStoreNode:484] Error: Unable to track a loaded node 0x19a571000
WARN  [FIRCLSBinaryImageStoreNode:484] Error: Unable to track a loaded node 0x24efb5000
WARN  [FIRCLSBinaryImageStoreNode:484] Error: Unable to track a loaded node 0x2519ad000
WARN  [FIRCLSBinaryImageStoreNode:484] Error: Unable to track a loaded node 0x25011b000
WARN  [FIRCLSBinaryImageStoreNode:484] Error: Unable to track a loaded node 0x2735d6000
WARN  [FIRCLSBinaryImageStoreNode:484] Error: Unable to track a loaded node 0x252e62000
WARN  [FIRCLSBinaryImageStoreNode:484] Error: Unable to track a loaded node 0x24eb0d000
WARN  [FIRCLSBinaryImageStoreNode:484] Error: Unable to track a loaded node 0x24eea4000
WARN  [FIRCLSBinaryImageStoreNode:484] Error: Unable to track a loaded node 0x25dcb3000
WARN  [FIRCLSBinaryImageStoreNode:484] Error: Unable to track a loaded node 0x25defc000
WARN  [FIRCLSBinaryImageStoreNode:484] Error: Unable to track a loaded node 0x264e8c000
WARN  [FIRCLSBinaryImageStoreNode:484] Error: Unable to track a loaded node 0x276523000
WARN  [FIRCLSBinaryImageStoreNode:484] Error: Unable to track a loaded node 0x24593e000
WARN  [FIRCLSFileReadSections:640] Unable to read file /Users/alenasubbota/Library/Containers/F23478AC-BF18-4AC2-9C7A-D2A25C14B854/Data/Library/Caches/com.crashlytics.data/com.kakao.page/v5/reports/active/22b86ca1d1754b12be971a0573c9b1cd/internal_compacted_kv.clsrecord
WARN  [FIRCLSBinaryImageStoreNode:484] Error: Unable to trackWARN  [FIRCLSUserLoggingCompactKVEntries:194] Er aror: Una loaded nble to remove compacted KV stoode 0x23fd1a000
re before compaction No such file or directory
WARN  [FIRCLSBinaryImageStoreNode:484] Error: Unable to track a loaded node 0x27e338000
WARN  [FIRCLSBinaryImageStoreNode:484] Error: Unable to track a loaded node 0x273484000
WARN  [FIRCLSBinaryImageStoreNode:484] Error: Unable to track a loaded node 0x290a99000
WARN  [FIRCLSBinaryImageStoreNode:484] Error: Unable to track a loaded node 0x24ef24000
WARN  [FIRCLSBinaryImageStoreNode:484] Error: Unable to track a loaded node 0x294aed000
WARN  [FIRCLSBinaryImageStoreNode:484] Error: Unable to track a loaded node 0x296eaa000
WARN  [FIRCLSBinaryImageStoreNode:484] Error: Unable to track a loaded node 0x29604f000
WARN  [FIRCLSBinaryImageStoreNode:484] Error: Unable to track a loaded node 0x29df3a000
WARN  [FIRCLSBinaryImageStoreNode:484] Error: Unable to track a loaded node 0x24cc88000
WARN  [FIRCLSBinaryImageStoreNode:484] Error: Unable to track a loaded node 0x1f7d37000
WARN  [FIRCLSBinaryImageStoreNode:484] Error: Unable to track a loaded node 0x237817000
WARN  [FIRCLSBinaryImageStoreNode:484] Error: Unable to track a loaded node 0x237d0e000
WARN  [FIRCLSBinaryImageStoreNode:484] Error: Unable to track a loaded node 0x292074000
WARN  [FIRCLSBinaryImageStoreNode:484] Error: Unable to track a loaded node 0x29208a000
WARN  [FIRCLSBinaryImageStoreNode:484] Error: Unable to track a loaded node 0x29208b000
WARN  [FIRCLSBinaryImageStoreNode:484] Error: Unable to track a loaded node 0x296e42000
WARN  [FIRCLSBinaryImageStoreNode:484] Error: Unable to track a loaded node 0x238e38000
WARN  [FIRCLSBinaryImageStoreNode:484] Error: Unable to track a loaded node 0x29a218000
WARN  [FIRCLSBinaryImageStoreNode:484] Error: Unable to track a loaded node 0x29de95000
WARN  [FIRCLSBinaryImageStoreNode:484] Error: Unable to track a loaded node 0x1c5fb6000
WARN  [FIRCLSBinaryImageStoreNode:484] Error: Unable to track a loaded node 0x295a44000
WARN  [FIRCLSBinaryImageStoreNode:484] Error: Unable to track a loaded node 0x29abdd000
WARN  [FIRCLSBinaryImageStoreNode:484] Error: Unable to track a loaded node 0x299f63000
WARN  [FIRCLSBinaryImageStoreNode:484] Error: Unable to track a loaded node 0x1b85de000
WARN  [FIRCLSBinaryImageStoreNode:484] Error: Unable to track a loaded node 0x28bfd9000
WARN  [FIRCLSBinaryImageStoreNode:484] Error: Unable to track a loaded node 0x1ecd64000
WARN  [FIRCLSBinaryImageStoreNode:484] Error: Unable to track a loaded node 0x247608000
WARN  [FIRCLSBinaryImageStoreNode:484] Error: Unable to track a loaded node 0x273c91000
WARN  [FIRCLSBinaryImageStoreNode:484] Error: Unable to track a loaded node 0x1d2d2d000
WARN  [FIRCLSBinaryImageStoreNode:484] Error: Unable to track a loaded node 0x1e1182000
WARN  [FIRCLSBinaryImageStoreNode:484] Error: Unable to track a loaded node 0x26a080000
WARN  [FIRCLSBinaryImageStoreNode:484] Error: Unable to track a loaded node 0x246172000
WARN  [FIRCLSBinaryImageStoreNode:484] Error: Unable to track a loaded node 0x1c2c27000
WARN  [FIRCLSBinaryImageStoreNode:484] Error: Unable to track a loaded node 0x260732000
WARN  [FIRCLSBinaryImageStoreNode:484] Error: Unable to track a loaded node 0x2608ab000
WARN  [FIRCLSBinaryImageStoreNode:484] Error: Unable to track a loaded node 0x23a52a000
WARN  [FIRCLSBinaryImageStoreNode:484] Error: Unable to track a loaded node 0x1bc0b7000
WARN  [FIRCLSBinaryImageStoreNode:484] Error: Unable to track a loaded node 0x1c98bf000
WARN  [FIRCLSBinaryImageStoreNode:484] Error: Unable to track a loaded node 0x1d2e31000
WARN  [FIRCLSBinaryImageStoreNode:484] Error: Unable to track a loaded node 0x260b51000
WARN  [FIRCLSBinaryImageStoreNode:484] Error: Unable to track a loaded node 0x1bf77e000
WARN  [FIRCLSBinaryImageStoreNode:484] Error: Unable to track a loaded node 0x1c2ba7000
WARN  [FIRCLSBinaryImageStoreNode:484] Error: Unable to track a loaded node 0x1c2bca000
WARN  [FIRCLSBinaryImageStoreNode:484] Error: Unable to track a loaded node 0x1c4ba2000
WARN  [FIRCLSBinaryImageStoreNode:484] Error: Unable to track a loaded node 0x1d40a4000
WARN  [FIRCLSBinaryImageStoreNode:484] Error: Unable to track a loaded node 0x1c4bab000
WARN  [FIRCLSBinaryImageStoreNode:484] Error: Unable to track a loaded node 0x1d4723000
WARN  [FIRCLSBinaryImageStoreNode:484] Error: Unable to track a loaded node 0x2925b7000
WARN  [FIRCLSBinaryImageStoreNode:484] Error: Unable to track a loaded node 0x292741000
WARN  [FIRCLSBinaryImageStoreNode:484] Error: Unable to track a loaded node 0x1c4b90000
WARN  [FIRCLSBinaryImageStoreNode:484] Error: Unable to track a loaded node 0x1c0cdd000
WARN  [FIRCLSBinaryImageStoreNode:484] Error: Unable to track a loaded node 0x24ce90000
WARN  [FIRCLSBinaryImageStoreNode:484] Error: Unable to track a loaded node 0x299eb2000
WARN  [FIRCLSBinaryImageStoreNode:484] Error: Unable to track a loaded node 0x299dc9000
WARN  [FIRCLSBinaryImageStoreNode:484] Error: Unable to track a loaded node 0x26a09b000
WARN  [FIRCLSBinaryImageStoreNode:484] Error: Unable to track a loaded node 0x29ce6b000
WARN  [FIRCLSBinaryImageStoreNode:484] Error: Unable to track a loaded node 0x29c4bd000
WARN  [FIRCLSBinaryImageStoreNode:484] Error: Unable to track a loaded node 0x260759000
WARN  [FIRCLSBinaryImageStoreNode:484] Error: Unable to track a loaded node 0x29b6b5000
WARN  [FIRCLSBinaryImageStoreNode:484] Error: Unable to track a loaded node 0x269214000
WARN  [FIRCLSBinaryImageStoreNode:484] Error: Unable to track a loaded node 0x2530ed000
WARN  [FIRCLSBinaryImageStoreNode:484] Error: Unable to track a loaded node 0x1af889000
WARN  [FIRCLSBinaryImageStoreNode:484] Error: Unable to track a loaded node 0x260a91000
WARN  [FIRCLSBinaryImageStoreNode:484] Error: Unable to track a loaded node 0x26a1c1000
WARN  [FIRCLSBinaryImageStoreNode:484] Error: Unable to track a loaded node 0x29c285000
WARN  [FIRCLSBinaryImageStoreNode:484] Error: Unable to track a loaded node 0x2954dc000
WARN  [FIRCLSBinaryImageStoreNode:484] Error: Unable to track a loaded node 0x294fab000
WARN  [FIRCLSBinaryImageStoreNode:484] Error: Unable to track a loaded node 0x296c1e000
WARN  [FIRCLSBinaryImageStoreNode:484] Error: Unable to track a loaded node 0x2a121c000
WARN  [FIRCLSBinaryImageStoreNode:484] Error: Unable to track a loaded node 0x299f3a000
WARN  [FIRCLSBinaryImageStoreNode:484] Error: Unable to track a loaded node 0x1c317c000
WARN  [FIRCLSBinaryImageStoreNode:484] Error: Unable to track a loaded node 0x1db6bf000
WARN  [FIRCLSBinaryImageStoreNode:484] Error: Unable to track a loaded node 0x1b7046000
WARN  [FIRCLSBinaryImageStoreNode:484] Error: Unable to track a loaded node 0x1a6c72000
WARN  [FIRCLSBinaryImageStoreNode:484] Error: Unable to track a loaded node 0x2651f3000
WARN  [FIRCLSBinaryImageStoreNode:484] Error: Unable to track a loaded node 0x297dda000
WARN  [FIRCLSBinaryImageStoreNode:484] Error: Unable to track a loaded node 0x28bf31000
WARN  [FIRCLSBinaryImageStoreNode:484] Error: Unable to track a loaded node 0x276320000
WARN  [FIRCLSBinaryImageStoreNode:484] Error: Unable to track a loaded node 0x2dcb0a000
WARN  [FIRCLSBinaryImageStoreNode:484] Error: Unable to track a loaded node 0x27389e000
WARN  [FIRCLSBinaryImageStoreNode:484] Error: Unable to track a loaded node 0x2493c5000
WARN  [FIRCLSBinaryImageStoreNode:484] Error: Unable to track a loaded node 0x1b5fc0000
WARN  [FIRCLSBinaryImageStoreNode:484] Error: Unable to track a loaded node 0x1e119a000
WARN  [FIRCLSBinaryImageStoreNode:484] Error: Unable to track a loaded node 0x1b7950000
WARN  [FIRCLSBinaryImageStoreNode:484] Error: Unable to track a loaded node 0x1c883b000
WARN  [FIRCLSBinaryImageStoreNode:484] Error: Unable to track a loaded node 0x23f5de000
WARN  [FIRCLSBinaryImageStoreNode:484] Error: Unable to track a loaded node 0x27692e000
WARN  [FIRCLSBinaryImageStoreNode:484] Error: Unable to track a loaded node 0x105ce0000
WARN  [FIRCLSBinaryImageStoreNode:484] Error: Unable to track a loaded node 0x29a8c8000
WARN  [FIRCLSBinaryImageStoreNode:484] Error: Unable to track a loaded node 0x1c5f72000
WARN  [FIRCLSBinaryImageStoreNode:484] Error: Unable to track a loaded node 0x1a40aa000
WARN  [FIRCLSBinaryImageStoreNode:484] Error: Unable to track a loaded node 0x1d145d000
WARN  [FIRCLSBinaryImageStoreNode:484] Error: Unable to track a loaded node 0x27efbd000
WARN  [FIRCLSBinaryImageStoreNode:484] Error: Unable to track a loaded node 0x1c9546000
WARN  [FIRCLSBinaryImageStoreNode:484] Error: Unable to track a loaded node 0x2908ff000
WARN  [FIRCLSBinaryImageStoreNode:484] Error: Unable to track a loaded node 0x25daf9000
WARN  [FIRCLSBinaryImageStoreNode:484] Error: Unable to track a loaded node 0x29aa4f000
WARN  [FIRCLSBinaryImageStoreNode:484] Error: Unable to track a loaded node 0x24637a000
WARN  [FIRCLSBinaryImageStoreNode:484] Error: Unable to track a loaded node 0x29aa0e000
WARN  [FIRCLSBinaryImageStoreNode:484] Error: Unable to track a loaded node 0x29a9f1000
WARN  [FIRCLSBinaryImageStoreNode:484] Error: Unable to track a loaded node 0x2971bf000
WARN  [FIRCLSBinaryImageStoreNode:484] Error: Unable to track a loaded node 0x28accb000
WARN  [FIRCLSBinaryImageStoreNode:484] Error: Unable to track a loaded node 0x11d9e0000
WARN  [FIRCLSBinaryImageStoreNode:484] Error: Unable to track a loaded node 0x1b7768000
WARN  [FIRCLSBinaryImageStoreNode:484] Error: Unable to track a loaded node 0x2a225d000
WARN  [FIRCLSBinaryImageStoreNode:484] Error: Unable to track a loaded node 0x2809cf000
WARN  [FIRCLSBinaryImageStoreNode:484] Error: Unable to track a loaded node 0x2492c8000
WARN  [FIRCLSBinaryImageStoreNode:484] Error: Unable to track a loaded node 0x2492b5000
WARN  [FIRCLSBinaryImageStoreNode:484] Error: Unable to track a loaded node 0x1c9536000
WARN  [FIRCLSBinaryImageStoreNode:484] Error: Unable to track a loaded node 0x27e7c1000
WARN  [FIRCLSBinaryImageStoreNode:484] Error: Unable to track a loaded node 0x1c4487000
WARN  [FIRCLSBinaryImageStoreNode:484] Error: Unable to track a loaded node 0x198df8000
WARN  [FIRCLSBinaryImageStoreNode:484] Error: Unable to track a loaded node 0x27e5f4000
WARN  [FIRCLSBinaryImageStoreNode:484] Error: Unable to track a loaded node 0x27e60d000
WARN  [FIRCLSBinaryImageStoreNode:484] Error: Unable to track a loaded node 0x291981000
WARN  [FIRCLSBinaryImageStoreNode:484] Error: Unable to track a loaded node 0x28981c000
